<?xml version="1.0" encoding="UTF-8" ?>
<testsuite tests="4" failures="0" name="unitTests.DVDsTest" time="0" errors="0" skipped="0">
  <properties>
[...]
</properties>
  <testcase classname="unitTests.DVDsTest" name="testBorrowMethod" time="0"/>
  <testcase classname="unitTests.DVDsTest" name="testgetLibraryItemNameMethod" time="0"/>
  <testcase classname="unitTests.DVDsTest" name="testUseMethod" time="0"/>
  <testcase classname="unitTests.DVDsTest" name="testReserveMethod" time="0"/>
</testsuite>